<?xml version="1.0" encoding="utf-8" standalone="no"?>
<test-results xmlns:xsi="http://www.w3.org/2001/XMLSchema-instance" xsi:noNamespaceSchemaLocation="nunit_schema_2.5.xsd" name="Pester" total="145" errors="0" failures="0" not-run="0" inconclusive="0" ignored="0" skipped="1" invalid="0" date="2026-02-24" time="17:20:57">
  <environment clr-version="9.0.10" nunit-version="2.5.8.0" user-domain="AzureAD" platform="Microsoft Windows 11 Pro|C:\WINDOWS|\Device\Harddisk0\Partition3" user="徳永光浩" os-version="10.0.26200" cwd="C:\Users\徳永光浩\GitHub\PowerShell" machine-name="FMV_LOOX" />
  <culture-info current-culture="ja-JP" current-uiculture="ja-JP" />
  <test-suite type="TestFixture" name="Pester" executed="True" result="Ignored" success="True" time="39.4084" asserts="0" description="Pester">
    <results>
      <test-suite type="TestFixture" name="C:\Users\徳永光浩\GitHub\PowerShell\Tests\Common\CheckCommand.Tests.ps1" executed="True" result="Success" success="True" time="7.6627" asserts="0" description="C:\Users\徳永光浩\GitHub\PowerShell\Tests\Common\CheckCommand.Tests.ps1">
        <results>
          <test-suite type="TestFixture" name="Test-Command" executed="True" result="Success" success="True" time="5.0186" asserts="0" description="Test-Command">
            <results>
              <test-suite type="TestFixture" name="Test-Command.正常系: コマンド存在確認" executed="True" result="Success" success="True" time="1.4308" asserts="0" description="Test-Command.正常系: コマンド存在確認">
                <results>
                  <test-case description="PowerShell の組み込みコマンドが存在することを検出" name="Test-Command.正常系: コマンド存在確認.PowerShell の組み込みコマンドが存在することを検出" time="0.9056" asserts="0" success="True" result="Success" executed="True" />
                  <test-case description="Cmdlet が存在することを検出" name="Test-Command.正常系: コマンド存在確認.Cmdlet が存在することを検出" time="0.0355" asserts="0" success="True" result="Success" executed="True" />
                  <test-case description="エイリアスが存在することを検出" name="Test-Command.正常系: コマンド存在確認.エイリアスが存在することを検出" time="0.0362" asserts="0" success="True" result="Success" executed="True" />
                  <test-case description="インストールされたモジュールのコマンドが存在することを検出" name="Test-Command.正常系: コマンド存在確認.インストールされたモジュールのコマンドが存在することを検出" time="0.1041" asserts="0" success="True" result="Success" executed="True" />
                </results>
              </test-suite>
              <test-suite type="TestFixture" name="Test-Command.異常系: コマンド不在確認" executed="True" result="Success" success="True" time="1.9512" asserts="0" description="Test-Command.異常系: コマンド不在確認">
                <results>
                  <test-case description="存在しないコマンドが見つからないことを検出" name="Test-Command.異常系: コマンド不在確認.存在しないコマンドが見つからないことを検出" time="0.2393" asserts="0" success="True" result="Success" executed="True" />
                  <test-case description="タイポされたコマンド名が見つからないことを検出" name="Test-Command.異常系: コマンド不在確認.タイポされたコマンド名が見つからないことを検出" time="0.1433" asserts="0" success="True" result="Success" executed="True" />
                  <test-case description="存在しないモジュールのコマンドが見つからないことを検出" name="Test-Command.異常系: コマンド不在確認.存在しないモジュールのコマンドが見つからないことを検出" time="0.1293" asserts="0" success="True" result="Success" executed="True" />
                </results>
              </test-suite>
              <test-suite type="TestFixture" name="Test-Command.パラメータの検証" executed="True" result="Success" success="True" time="2.2734" asserts="0" description="Test-Command.パラメータの検証">
                <results>
                  <test-case description="ComName パラメータが指定されない場合、デフォルト値が使用される" name="Test-Command.パラメータの検証.ComName パラメータが指定されない場合、デフォルト値が使用される" time="0.2015" asserts="0" success="True" result="Success" executed="True" />
                  <test-case description="コマンド名が大文字小文字を区別しない" name="Test-Command.パラメータの検証.コマンド名が大文字小文字を区別しない" time="0.0595" asserts="0" success="True" result="Success" executed="True" />
                  <test-case description="コマンド名の前後の空白が削除される" name="Test-Command.パラメータの検証.コマンド名の前後の空白が削除される" time="0.0547" asserts="0" success="True" result="Success" executed="True" />
                </results>
              </test-suite>
              <test-suite type="TestFixture" name="Test-Command.エラーハンドリング" executed="True" result="Success" success="True" time="2.7427" asserts="0" description="Test-Command.エラーハンドリング">
                <results>
                  <test-case description="コマンド名が null の場合、エラーが発生" name="Test-Command.エラーハンドリング.コマンド名が null の場合、エラーが発生" time="0.158" asserts="0" success="True" result="Success" executed="True" />
                  <test-case description="コマンド名が空文字列の場合、エラーが発生" name="Test-Command.エラーハンドリング.コマンド名が空文字列の場合、エラーが発生" time="0.1609" asserts="0" success="True" result="Success" executed="True" />
                  <test-case description="コマンド名が空白のみの場合、エラーが発生" name="Test-Command.エラーハンドリング.コマンド名が空白のみの場合、エラーが発生" time="0.1224" asserts="0" success="True" result="Success" executed="True" />
                </results>
              </test-suite>
              <test-suite type="TestFixture" name="Test-Command.パフォーマンス" executed="True" result="Success" success="True" time="2.8379" asserts="0" description="Test-Command.パフォーマンス">
                <results>
                  <test-case description="複数のコマンドを高速に検査できる" name="Test-Command.パフォーマンス.複数のコマンドを高速に検査できる" time="0.0856" asserts="0" success="True" result="Success" executed="True" />
                </results>
              </test-suite>
              <test-suite type="TestFixture" name="Test-Command.スクリプト特有のコマンド" executed="True" result="Success" success="True" time="2.9055" asserts="0" description="Test-Command.スクリプト特有のコマンド">
                <results>
                  <test-case description="dll ファイルベースのコマンドを検出" name="Test-Command.スクリプト特有のコマンド.dll ファイルベースのコマンドを検出" time="0.0609" asserts="0" success="True" result="Success" executed="True" />
                </results>
              </test-suite>
              <test-suite type="TestFixture" name="Test-Command.モジュール修飾コマンド名" executed="True" result="Success" success="True" time="3.1336" asserts="0" description="Test-Command.モジュール修飾コマンド名">
                <results>
                  <test-case description="モジュール修飾された既存コマンドが存在することを検出" name="Test-Command.モジュール修飾コマンド名.モジュール修飾された既存コマンドが存在することを検出" time="0.0607" asserts="0" success="True" result="Success" executed="True" />
                  <test-case description="モジュール修飾された存在しないコマンドが見つからないことを検出" name="Test-Command.モジュール修飾コマンド名.モジュール修飾された存在しないコマンドが見つからないことを検出" time="0.1591" asserts="0" success="True" result="Success" executed="True" />
                </results>
              </test-suite>
              <test-suite type="TestFixture" name="Test-Command.ワイルドカード指定時の警告" executed="True" result="Success" success="True" time="3.4515" asserts="0" description="Test-Command.ワイルドカード指定時の警告">
                <results>
                  <test-case description="ワイルドカードを含むコマンド名で警告が発生" name="Test-Command.ワイルドカード指定時の警告.ワイルドカードを含むコマンド名で警告が発生" time="0.1954" asserts="0" success="True" result="Success" executed="True" />
                  <test-case description="ワイルドカードなしのコマンド名で警告が発生しない" name="Test-Command.ワイルドカード指定時の警告.ワイルドカードなしのコマンド名で警告が発生しない" time="0.116" asserts="0" success="True" result="Success" executed="True" />
                </results>
              </test-suite>
              <test-suite type="TestFixture" name="Test-Command.Verbose 出力" executed="True" result="Success" success="True" time="3.7809" asserts="0" description="Test-Command.Verbose 出力">
                <results>
                  <test-case description="Verbose モードで詳細情報が出力される" name="Test-Command.Verbose 出力.Verbose モードで詳細情報が出力される" time="0.1182" asserts="0" success="True" result="Success" executed="True" />
                  <test-case description="Verbose モードで存在しないコマンドは検出されない" name="Test-Command.Verbose 出力.Verbose モードで存在しないコマンドは検出されない" time="0.2056" asserts="0" success="True" result="Success" executed="True" />
                </results>
              </test-suite>
              <test-suite type="TestFixture" name="Test-Command.外部実行可能ファイル検出" executed="True" result="Success" success="True" time="4.1212" asserts="0" description="Test-Command.外部実行可能ファイル検出">
                <results>
                  <test-case description="PATH 上の notepad.exe が検出される（存在する場合）" name="Test-Command.外部実行可能ファイル検出.PATH 上の notepad.exe が検出される（存在する場合）" time="0.0746" asserts="0" success="True" result="Success" executed="True" />
                  <test-case description="PATH 上の cmd.exe が検出される（存在する場合）" name="Test-Command.外部実行可能ファイル検出.PATH 上の cmd.exe が検出される（存在する場合）" time="0.0625" asserts="0" success="True" result="Success" executed="True" />
                  <test-case description="PATH 上に存在しない外部コマンドが検出されない" name="Test-Command.外部実行可能ファイル検出.PATH 上に存在しない外部コマンドが検出されない" time="0.1943" asserts="0" success="True" result="Success" executed="True" />
                </results>
              </test-suite>
              <test-suite type="TestFixture" name="Test-Command.エッジケース: コマンド名" executed="True" result="Success" success="True" time="4.9249" asserts="0" description="Test-Command.エッジケース: コマンド名">
                <results>
                  <test-case description="非常に長いコマンド名でもエラーが発生しない" name="Test-Command.エッジケース: コマンド名.非常に長いコマンド名でもエラーが発生しない" time="0.2143" asserts="0" success="True" result="Success" executed="True" />
                  <test-case description="非常に長いコマンド名は存在しないと判定される" name="Test-Command.エッジケース: コマンド名.非常に長いコマンド名は存在しないと判定される" time="0.1838" asserts="0" success="True" result="Success" executed="True" />
                  <test-case description="Unicode を含むコマンド名が存在しないことを検出" name="Test-Command.エッジケース: コマンド名.Unicode を含むコマンド名が存在しないことを検出" time="0.1768" asserts="0" success="True" result="Success" executed="True" />
                  <test-case description="Unicode を含むコマンド名でもエラーが発生しない" name="Test-Command.エッジケース: コマンド名.Unicode を含むコマンド名でもエラーが発生しない" time="0.2175" asserts="0" success="True" result="Success" executed="True" />
                </results>
              </test-suite>
            </results>
          </test-suite>
        </results>
      </test-suite>
      <test-suite type="TestFixture" name="C:\Users\徳永光浩\GitHub\PowerShell\Tests\Common\FindModule.Tests.ps1" executed="True" result="Success" success="True" time="4.385" asserts="0" description="C:\Users\徳永光浩\GitHub\PowerShell\Tests\Common\FindModule.Tests.ps1">
        <results>
          <test-suite type="TestFixture" name="Test-ModuleInstalled" executed="True" result="Success" success="True" time="3.8244" asserts="0" description="Test-ModuleInstalled">
            <results>
              <test-suite type="TestFixture" name="Test-ModuleInstalled.正常系: モジュール存在" executed="True" result="Success" success="True" time="1.6943" asserts="0" description="Test-ModuleInstalled.正常系: モジュール存在">
                <results>
                  <test-case description="モジュールが 1 つ存在する場合は true を返す" name="Test-ModuleInstalled.正常系: モジュール存在.モジュールが 1 つ存在する場合は true を返す" time="1.409" asserts="0" success="True" result="Success" executed="True" />
                  <test-case description="複数バージョンがある場合は最新版を使用する" name="Test-ModuleInstalled.正常系: モジュール存在.複数バージョンがある場合は最新版を使用する" time="0.1508" asserts="0" success="True" result="Success" executed="True" />
                  <test-case description="MinimumVersion を満たす場合は true を返す" name="Test-ModuleInstalled.正常系: モジュール存在.MinimumVersion を満たす場合は true を返す" time="0.1297" asserts="0" success="True" result="Success" executed="True" />
                </results>
              </test-suite>
              <test-suite type="TestFixture" name="Test-ModuleInstalled.異常系: モジュール未検出" executed="True" result="Success" success="True" time="1.9813" asserts="0" description="Test-ModuleInstalled.異常系: モジュール未検出">
                <results>
                  <test-case description="モジュールが見つからない場合は false を返し Write-Error が出力される" name="Test-ModuleInstalled.異常系: モジュール未検出.モジュールが見つからない場合は false を返し Write-Error が出力される" time="0.2713" asserts="0" success="True" result="Success" executed="True" />
                </results>
              </test-suite>
              <test-suite type="TestFixture" name="Test-ModuleInstalled.異常系: バージョン不足" executed="True" result="Success" success="True" time="2.19" asserts="0" description="Test-ModuleInstalled.異常系: バージョン不足">
                <results>
                  <test-case description="MinimumVersion を満たさない場合は false を返し正しいメッセージを出力する" name="Test-ModuleInstalled.異常系: バージョン不足.MinimumVersion を満たさない場合は false を返し正しいメッセージを出力する" time="0.2034" asserts="0" success="True" result="Success" executed="True" />
                </results>
              </test-suite>
              <test-suite type="TestFixture" name="Test-ModuleInstalled.ShowDialog: モジュール未検出" executed="True" result="Success" success="True" time="2.6848" asserts="0" description="Test-ModuleInstalled.ShowDialog: モジュール未検出">
                <results>
                  <test-case description="ShowDialog 指定時に Popup が 1 回呼ばれる" name="Test-ModuleInstalled.ShowDialog: モジュール未検出.ShowDialog 指定時に Popup が 1 回呼ばれる" time="0.4896" asserts="0" success="True" result="Success" executed="True" />
                </results>
              </test-suite>
              <test-suite type="TestFixture" name="Test-ModuleInstalled.ShowDialog: バージョン不足" executed="True" result="Success" success="True" time="3.3762" asserts="0" description="Test-ModuleInstalled.ShowDialog: バージョン不足">
                <results>
                  <test-case description="バージョン不足時に Popup が呼ばれる" name="Test-ModuleInstalled.ShowDialog: バージョン不足.バージョン不足時に Popup が呼ばれる" time="0.2527" asserts="0" success="True" result="Success" executed="True" />
                  <test-case description="COM オブジェクト解放のための処理が呼ばれる" name="Test-ModuleInstalled.ShowDialog: バージョン不足.COM オブジェクト解放のための処理が呼ばれる" time="0.4339" asserts="0" success="True" result="Success" executed="True" />
                </results>
              </test-suite>
              <test-suite type="TestFixture" name="Test-ModuleInstalled.パラメーター検証" executed="True" result="Success" success="True" time="3.7053" asserts="0" description="Test-ModuleInstalled.パラメーター検証">
                <results>
                  <test-case description="ModuleName が null の場合はバインドエラーになる" name="Test-ModuleInstalled.パラメーター検証.ModuleName が null の場合はバインドエラーになる" time="0.0649" asserts="0" success="True" result="Success" executed="True" />
                  <test-case description="ModuleName が空文字列の場合はバインドエラーになる" name="Test-ModuleInstalled.パラメーター検証.ModuleName が空文字列の場合はバインドエラーになる" time="0.07" asserts="0" success="True" result="Success" executed="True" />
                  <test-case description="ModuleName にワイルドカードが含まれる場合は警告が出力される" name="Test-ModuleInstalled.パラメーター検証.ModuleName にワイルドカードが含まれる場合は警告が出力される" time="0.1896" asserts="0" success="True" result="Success" executed="True" />
                </results>
              </test-suite>
              <test-suite type="TestFixture" name="Test-ModuleInstalled.戻り値" executed="True" result="Success" success="True" time="3.8193" asserts="0" description="Test-ModuleInstalled.戻り値">
                <results>
                  <test-case description="代表ケースで [bool] を返す" name="Test-ModuleInstalled.戻り値.代表ケースで [bool] を返す" time="0.1093" asserts="0" success="True" result="Success" executed="True" />
                </results>
              </test-suite>
            </results>
          </test-suite>
        </results>
      </test-suite>
      <test-suite type="TestFixture" name="C:\Users\徳永光浩\GitHub\PowerShell\Tests\Common\Get-ScriptPaths.Tests.ps1" executed="True" result="Success" success="True" time="5.2223" asserts="0" description="C:\Users\徳永光浩\GitHub\PowerShell\Tests\Common\Get-ScriptPaths.Tests.ps1">
        <results>
          <test-suite type="TestFixture" name="Get-ScriptPaths" executed="True" result="Success" success="True" time="4.4109" asserts="0" description="Get-ScriptPaths">
            <results>
              <test-suite type="TestFixture" name="Get-ScriptPaths.正常系: パス計算" executed="True" result="Success" success="True" time="0.2551" asserts="0" description="Get-ScriptPaths.正常系: パス計算">
                <results>
                  <test-case description="スクリプトパスからすべての必要なパスを計算する" name="Get-ScriptPaths.正常系: パス計算.スクリプトパスからすべての必要なパスを計算する" time="0.0888" asserts="0" success="True" result="Success" executed="True" />
                  <test-case description="EnvFileName を指定すると EnvFile キーが追加される" name="Get-ScriptPaths.正常系: パス計算.EnvFileName を指定すると EnvFile キーが追加される" time="0.0434" asserts="0" success="True" result="Success" executed="True" />
                  <test-case description="EnvFileName を指定しない場合 EnvFile キーは追加されない" name="Get-ScriptPaths.正常系: パス計算.EnvFileName を指定しない場合 EnvFile キーは追加されない" time="0.0391" asserts="0" success="True" result="Success" executed="True" />
                  <test-case description="パスの値がすべて文字列である" name="Get-ScriptPaths.正常系: パス計算.パスの値がすべて文字列である" time="0.0389" asserts="0" success="True" result="Success" executed="True" />
                  <test-case description="パスが存在するか存在しないかに関わらず動作する" name="Get-ScriptPaths.正常系: パス計算.パスが存在するか存在しないかに関わらず動作する" time="0.0398" asserts="0" success="True" result="Success" executed="True" />
                </results>
              </test-suite>
              <test-suite type="TestFixture" name="Get-ScriptPaths.パラメータの検証" executed="True" result="Success" success="True" time="0.444" asserts="0" description="Get-ScriptPaths.パラメータの検証">
                <results>
                  <test-case description="ScriptPath パラメータはオプション（デフォルト値がある）" name="Get-ScriptPaths.パラメータの検証.ScriptPath パラメータはオプション（デフォルト値がある）" time="0.0736" asserts="0" success="True" result="Success" executed="True" />
                  <test-case description="EnvFileName パラメータはオプション" name="Get-ScriptPaths.パラメータの検証.EnvFileName パラメータはオプション" time="0.0688" asserts="0" success="True" result="Success" executed="True" />
                  <test-case description="EnvFileName に空文字列を指定すると EnvFile キーが追加されない" name="Get-ScriptPaths.パラメータの検証.EnvFileName に空文字列を指定すると EnvFile キーが追加されない" time="0.0397" asserts="0" success="True" result="Success" executed="True" />
                </results>
              </test-suite>
              <test-suite type="TestFixture" name="Get-ScriptPaths.異常系: エラーハンドリング" executed="True" result="Success" success="True" time="0.6597" asserts="0" description="Get-ScriptPaths.異常系: エラーハンドリング">
                <results>
                  <test-case description="スクリプトパスが null の場合、エラーが発生する" name="Get-ScriptPaths.異常系: エラーハンドリング.スクリプトパスが null の場合、エラーが発生する" time="0.0664" asserts="0" success="True" result="Success" executed="True" />
                  <test-case description="スクリプトパスが空文字列の場合、エラーが発生する" name="Get-ScriptPaths.異常系: エラーハンドリング.スクリプトパスが空文字列の場合、エラーが発生する" time="0.0685" asserts="0" success="True" result="Success" executed="True" />
                  <test-case description="スクリプトパスが空白文字列のみの場合、エラーが発生する" name="Get-ScriptPaths.異常系: エラーハンドリング.スクリプトパスが空白文字列のみの場合、エラーが発生する" time="0.0701" asserts="0" success="True" result="Success" executed="True" />
                </results>
              </test-suite>
              <test-suite type="TestFixture" name="Get-ScriptPaths.パスの構造" executed="True" result="Success" success="True" time="0.8156" asserts="0" description="Get-ScriptPaths.パスの構造">
                <results>
                  <test-case description="Script, Upper, PowerShell の階層関係が正しい" name="Get-ScriptPaths.パスの構造.Script, Upper, PowerShell の階層関係が正しい" time="0.0398" asserts="0" success="True" result="Success" executed="True" />
                  <test-case description="Yaml と Log パスが Upper パスの直下である" name="Get-ScriptPaths.パスの構造.Yaml と Log パスが Upper パスの直下である" time="0.0381" asserts="0" success="True" result="Success" executed="True" />
                  <test-case description="Common パスが PowerShell/Common である" name="Get-ScriptPaths.パスの構造.Common パスが PowerShell/Common である" time="0.0366" asserts="0" success="True" result="Success" executed="True" />
                  <test-case description="EnvFile パスが Yaml ディレクトリ配下である" name="Get-ScriptPaths.パスの構造.EnvFile パスが Yaml ディレクトリ配下である" time="0.0373" asserts="0" success="True" result="Success" executed="True" />
                </results>
              </test-suite>
              <test-suite type="TestFixture" name="Get-ScriptPaths.パス形式" executed="True" result="Success" success="True" time="0.9311" asserts="0" description="Get-ScriptPaths.パス形式">
                <results>
                  <test-case description="すべてのパスが絶対パスである" name="Get-ScriptPaths.パス形式.すべてのパスが絶対パスである" time="0.0425" asserts="0" success="True" result="Success" executed="True" />
                  <test-case description="パスにバックスラッシュが使用されている" name="Get-ScriptPaths.パス形式.パスにバックスラッシュが使用されている" time="0.0688" asserts="0" success="True" result="Success" executed="True" />
                </results>
              </test-suite>
              <test-suite type="TestFixture" name="Get-ScriptPaths.ScriptPath 自動検出" executed="True" result="Success" success="True" time="1.0751" asserts="0" description="Get-ScriptPaths.ScriptPath 自動検出">
                <results>
                  <test-case description="パラメータ未指定で例外が発生しない" name="Get-ScriptPaths.ScriptPath 自動検出.パラメータ未指定で例外が発生しない" time="0.0787" asserts="0" success="True" result="Success" executed="True" />
                  <test-case description="パラメータ未指定時の戻り値キー構成が正しい" name="Get-ScriptPaths.ScriptPath 自動検出.パラメータ未指定時の戻り値キー構成が正しい" time="0.0571" asserts="0" success="True" result="Success" executed="True" />
                </results>
              </test-suite>
              <test-suite type="TestFixture" name="Get-ScriptPaths.パス構造の具体値" executed="True" result="Success" success="True" time="1.1665" asserts="0" description="Get-ScriptPaths.パス構造の具体値">
                <results>
                  <test-case description="Common パスが PowerShell 直下の Common ディレクトリである" name="Get-ScriptPaths.パス構造の具体値.Common パスが PowerShell 直下の Common ディレクトリである" time="0.0452" asserts="0" success="True" result="Success" executed="True" />
                  <test-case description="EnvFile が Yaml 直下のファイルパスである" name="Get-ScriptPaths.パス構造の具体値.EnvFile が Yaml 直下のファイルパスである" time="0.0416" asserts="0" success="True" result="Success" executed="True" />
                </results>
              </test-suite>
              <test-suite type="TestFixture" name="Get-ScriptPaths.ScriptPath エッジケース" executed="True" result="Success" success="True" time="4.2505" asserts="0" description="Get-ScriptPaths.ScriptPath エッジケース">
                <results>
                  <test-case description="UNC パス（\\server\share\Script\test.ps1）で例外が発生しない" name="Get-ScriptPaths.ScriptPath エッジケース.UNC パス（\\server\share\Script\test.ps1）で例外が発生しない" time="2.8051" asserts="0" success="True" result="Success" executed="True" />
                  <test-case description="UNC パスの戻り値がすべて絶対パスである" name="Get-ScriptPaths.ScriptPath エッジケース.UNC パスの戻り値がすべて絶対パスである" time="0.0445" asserts="0" success="True" result="Success" executed="True" />
                  <test-case description="スペースを含むパスで例外が発生しない" name="Get-ScriptPaths.ScriptPath エッジケース.スペースを含むパスで例外が発生しない" time="0.0707" asserts="0" success="True" result="Success" executed="True" />
                  <test-case description="スペース含むパスの戻り値がすべて絶対パスである" name="Get-ScriptPaths.ScriptPath エッジケース.スペース含むパスの戻り値がすべて絶対パスである" time="0.0422" asserts="0" success="True" result="Success" executed="True" />
                  <test-case description="日本語を含むパスで例外が発生しない" name="Get-ScriptPaths.ScriptPath エッジケース.日本語を含むパスで例外が発生しない" time="0.0789" asserts="0" success="True" result="Success" executed="True" />
                  <test-case description="日本語含むパスの戻り値がすべて絶対パスである" name="Get-ScriptPaths.ScriptPath エッジケース.日本語含むパスの戻り値がすべて絶対パスである" time="0.0381" asserts="0" success="True" result="Success" executed="True" />
                </results>
              </test-suite>
              <test-suite type="TestFixture" name="Get-ScriptPaths.戻り値キー数の検証" executed="True" result="Success" success="True" time="4.3509" asserts="0" description="Get-ScriptPaths.戻り値キー数の検証">
                <results>
                  <test-case description="EnvFileName 未指定時はキー数が 6 で EnvFile キーが無い" name="Get-ScriptPaths.戻り値キー数の検証.EnvFileName 未指定時はキー数が 6 で EnvFile キーが無い" time="0.0448" asserts="0" success="True" result="Success" executed="True" />
                  <test-case description="EnvFileName 指定時はキー数が 7 で EnvFile キーがある" name="Get-ScriptPaths.戻り値キー数の検証.EnvFileName 指定時はキー数が 7 で EnvFile キーがある" time="0.0509" asserts="0" success="True" result="Success" executed="True" />
                </results>
              </test-suite>
              <test-suite type="TestFixture" name="Get-ScriptPaths.Windows 大小文字混在パス" executed="True" result="Success" success="True" time="4.4066" asserts="0" description="Get-ScriptPaths.Windows 大小文字混在パス">
                <results>
                  <test-case description="Windows で大小文字を変えた ScriptPath で結果が等価である" name="Get-ScriptPaths.Windows 大小文字混在パス.Windows で大小文字を変えた ScriptPath で結果が等価である" time="0.0513" asserts="0" success="True" result="Success" executed="True" />
                </results>
              </test-suite>
            </results>
          </test-suite>
        </results>
      </test-suite>
      <test-suite type="TestFixture" name="C:\Users\徳永光浩\GitHub\PowerShell\Tests\Common\Import-YamlConfig.Tests.ps1" executed="True" result="Success" success="True" time="4.3207" asserts="0" description="C:\Users\徳永光浩\GitHub\PowerShell\Tests\Common\Import-YamlConfig.Tests.ps1">
        <results>
          <test-suite type="TestFixture" name="Import-YamlConfig" executed="True" result="Success" success="True" time="3.4118" asserts="0" description="Import-YamlConfig">
            <results>
              <test-suite type="TestFixture" name="Import-YamlConfig.正常系: YAML ファイル読み込み" executed="True" result="Success" success="True" time="0.5426" asserts="0" description="Import-YamlConfig.正常系: YAML ファイル読み込み">
                <results>
                  <test-case description="シンプルな YAML ファイルを読み込める" name="Import-YamlConfig.正常系: YAML ファイル読み込み.シンプルな YAML ファイルを読み込める" time="0.271" asserts="0" success="True" result="Success" executed="True" />
                  <test-case description="ネストされた YAML ファイルを読み込める" name="Import-YamlConfig.正常系: YAML ファイル読み込み.ネストされた YAML ファイルを読み込める" time="0.0687" asserts="0" success="True" result="Success" executed="True" />
                  <test-case description="配列を含む YAML ファイルを読み込める" name="Import-YamlConfig.正常系: YAML ファイル読み込み.配列を含む YAML ファイルを読み込める" time="0.0907" asserts="0" success="True" result="Success" executed="True" />
                  <test-case description="OrderedDictionary として返却される" name="Import-YamlConfig.正常系: YAML ファイル読み込み.OrderedDictionary として返却される" time="0.0551" asserts="0" success="True" result="Success" executed="True" />
                  <test-case description="キーが保持される" name="Import-YamlConfig.正常系: YAML ファイル読み込み.キーが保持される" time="0.052" asserts="0" success="True" result="Success" executed="True" />
                </results>
              </test-suite>
              <test-suite type="TestFixture" name="Import-YamlConfig.エラーハンドリング" executed="True" result="Success" success="True" time="0.9213" asserts="0" description="Import-YamlConfig.エラーハンドリング">
                <results>
                  <test-case description="ファイルが存在しない場合、エラーが発生" name="Import-YamlConfig.エラーハンドリング.ファイルが存在しない場合、エラーが発生" time="0.0956" asserts="0" success="True" result="Success" executed="True" />
                  <test-case description="パスが null の場合、エラーが発生" name="Import-YamlConfig.エラーハンドリング.パスが null の場合、エラーが発生" time="0.0916" asserts="0" success="True" result="Success" executed="True" />
                  <test-case description="パスが空文字列の場合、エラーが発生" name="Import-YamlConfig.エラーハンドリング.パスが空文字列の場合、エラーが発生" time="0.0777" asserts="0" success="True" result="Success" executed="True" />
                  <test-case description="不正な YAML ファイルの場合、エラーが発生" name="Import-YamlConfig.エラーハンドリング.不正な YAML ファイルの場合、エラーが発生" time="0.1055" asserts="0" success="True" result="Success" executed="True" />
                </results>
              </test-suite>
              <test-suite type="TestFixture" name="Import-YamlConfig.ファイル形式" executed="True" result="Success" success="True" time="1.0332" asserts="0" description="Import-YamlConfig.ファイル形式">
                <results>
                  <test-case description=".yaml 拡張子が処理できる" name="Import-YamlConfig.ファイル形式..yaml 拡張子が処理できる" time="0.0527" asserts="0" success="True" result="Success" executed="True" />
                  <test-case description=".yml 拡張子が処理できる" name="Import-YamlConfig.ファイル形式..yml 拡張子が処理できる" time="0.0534" asserts="0" success="True" result="Success" executed="True" />
                </results>
              </test-suite>
              <test-suite type="TestFixture" name="Import-YamlConfig.エンコーディング" executed="True" result="Success" success="True" time="1.0985" asserts="0" description="Import-YamlConfig.エンコーディング">
                <results>
                  <test-case description="UTF-8 エンコーディングが正しく処理される" name="Import-YamlConfig.エンコーディング.UTF-8 エンコーディングが正しく処理される" time="0.0605" asserts="0" success="True" result="Success" executed="True" />
                </results>
              </test-suite>
              <test-suite type="TestFixture" name="Import-YamlConfig.データ型の検証" executed="True" result="Success" success="True" time="1.2719" asserts="0" description="Import-YamlConfig.データ型の検証">
                <results>
                  <test-case description="ブール値が正しく解析される" name="Import-YamlConfig.データ型の検証.ブール値が正しく解析される" time="0.0529" asserts="0" success="True" result="Success" executed="True" />
                  <test-case description="数値が正しく解析される" name="Import-YamlConfig.データ型の検証.数値が正しく解析される" time="0.0547" asserts="0" success="True" result="Success" executed="True" />
                  <test-case description="文字列が正しく解析される" name="Import-YamlConfig.データ型の検証.文字列が正しく解析される" time="0.0559" asserts="0" success="True" result="Success" executed="True" />
                </results>
              </test-suite>
              <test-suite type="TestFixture" name="Import-YamlConfig.ネストの深さ" executed="True" result="Success" success="True" time="1.4051" asserts="0" description="Import-YamlConfig.ネストの深さ">
                <results>
                  <test-case description="3 階層のネストが処理できる" name="Import-YamlConfig.ネストの深さ.3 階層のネストが処理できる" time="0.0561" asserts="0" success="True" result="Success" executed="True" />
                  <test-case description="複数の配列が処理できる" name="Import-YamlConfig.ネストの深さ.複数の配列が処理できる" time="0.0682" asserts="0" success="True" result="Success" executed="True" />
                </results>
              </test-suite>
              <test-suite type="TestFixture" name="Import-YamlConfig.パフォーマンス: 大規模YAML" executed="True" result="Success" success="True" time="3.0106" asserts="0" description="Import-YamlConfig.パフォーマンス: 大規模YAML">
                <results>
                  <test-case description="大規模 YAML ファイル（多数のキーと配列）を数秒以内に読み込める" name="Import-YamlConfig.パフォーマンス: 大規模YAML.大規模 YAML ファイル（多数のキーと配列）を数秒以内に読み込める" time="1.6009" asserts="0" success="True" result="Success" executed="True" />
                </results>
              </test-suite>
              <test-suite type="TestFixture" name="Import-YamlConfig.異常系: 構文エラーと型不整合" executed="True" result="Success" success="True" time="3.1943" asserts="0" description="Import-YamlConfig.異常系: 構文エラーと型不整合">
                <results>
                  <test-case description="インデント崩れの YAML でエラーが発生" name="Import-YamlConfig.異常系: 構文エラーと型不整合.インデント崩れの YAML でエラーが発生" time="0.0696" asserts="0" success="True" result="Success" executed="True" />
                  <test-case description="キーが重複している YAML でエラーが発生" name="Import-YamlConfig.異常系: 構文エラーと型不整合.キーが重複している YAML でエラーが発生" time="0.0715" asserts="0" success="True" result="Success" executed="True" />
                  <test-case description="型が期待と異なる場合も読み込みは成功する（型変換を試みる）" name="Import-YamlConfig.異常系: 構文エラーと型不整合.型が期待と異なる場合も読み込みは成功する（型変換を試みる）" time="0.0389" asserts="0" success="True" result="Success" executed="True" />
                </results>
              </test-suite>
              <test-suite type="TestFixture" name="Import-YamlConfig.エンコーディング互換性" executed="True" result="Success" success="True" time="3.2811" asserts="0" description="Import-YamlConfig.エンコーディング互換性">
                <results>
                  <test-case description="UTF-16 LE で保存された YAML の読み込み挙動をテスト" name="Import-YamlConfig.エンコーディング互換性.UTF-16 LE で保存された YAML の読み込み挙動をテスト" time="0.0389" asserts="0" success="True" result="Success" executed="True" />
                  <test-case description="UTF-8 BOM で保存された YAML が正しく読み込める" name="Import-YamlConfig.エンコーディング互換性.UTF-8 BOM で保存された YAML が正しく読み込める" time="0.044" asserts="0" success="True" result="Success" executed="True" />
                </results>
              </test-suite>
              <test-suite type="TestFixture" name="Import-YamlConfig.バージョン互換・未知フィールド" executed="True" result="Success" success="True" time="3.4078" asserts="0" description="Import-YamlConfig.バージョン互換・未知フィールド">
                <results>
                  <test-case description="Version フィールドが存在する場合、値が保持される" name="Import-YamlConfig.バージョン互換・未知フィールド.Version フィールドが存在する場合、値が保持される" time="0.039" asserts="0" success="True" result="Success" executed="True" />
                  <test-case description="Version: 2 の YAML が読み込めること" name="Import-YamlConfig.バージョン互換・未知フィールド.Version: 2 の YAML が読み込めること" time="0.0391" asserts="0" success="True" result="Success" executed="True" />
                  <test-case description="未知フィールドが含まれる YAML も読み込みが失敗しないこと" name="Import-YamlConfig.バージョン互換・未知フィールド.未知フィールドが含まれる YAML も読み込みが失敗しないこと" time="0.0446" asserts="0" success="True" result="Success" executed="True" />
                </results>
              </test-suite>
            </results>
          </test-suite>
        </results>
      </test-suite>
      <test-suite type="TestFixture" name="C:\Users\徳永光浩\GitHub\PowerShell\Tests\Common\Write-CommonLog.Tests.ps1" executed="True" result="Success" success="True" time="13.5719" asserts="0" description="C:\Users\徳永光浩\GitHub\PowerShell\Tests\Common\Write-CommonLog.Tests.ps1">
        <results>
          <test-suite type="TestFixture" name="Write-CommonLog" executed="True" result="Success" success="True" time="12.8199" asserts="0" description="Write-CommonLog">
            <results>
              <test-suite type="TestFixture" name="Write-CommonLog.正常系: ログファイル作成と書き込み" executed="True" result="Success" success="True" time="0.1492" asserts="0" description="Write-CommonLog.正常系: ログファイル作成と書き込み">
                <results>
                  <test-case description="ログメッセージを書き込み、ファイルが作成される" name="Write-CommonLog.正常系: ログファイル作成と書き込み.ログメッセージを書き込み、ファイルが作成される" time="0.0502" asserts="0" success="True" result="Success" executed="True" />
                  <test-case description="複数のメッセージが追記される" name="Write-CommonLog.正常系: ログファイル作成と書き込み.複数のメッセージが追記される" time="0.0519" asserts="0" success="True" result="Success" executed="True" />
                  <test-case description="ログファイルのディレクトリが存在しない場合、自動作成される" name="Write-CommonLog.正常系: ログファイル作成と書き込み.ログファイルのディレクトリが存在しない場合、自動作成される" time="0.0427" asserts="0" success="True" result="Success" executed="True" />
                </results>
              </test-suite>
              <test-suite type="TestFixture" name="Write-CommonLog.ログレベルの検証" executed="True" result="Success" success="True" time="0.5029" asserts="0" description="Write-CommonLog.ログレベルの検証">
                <results>
                  <test-case description="INFO レベルのログが書き込まれる" name="Write-CommonLog.ログレベルの検証.INFO レベルのログが書き込まれる" time="0.0504" asserts="0" success="True" result="Success" executed="True" />
                  <test-case description="WARN レベルのログが書き込まれる" name="Write-CommonLog.ログレベルの検証.WARN レベルのログが書き込まれる" time="0.047" asserts="0" success="True" result="Success" executed="True" />
                  <test-case description="ERROR レベルのログが書き込まれる" name="Write-CommonLog.ログレベルの検証.ERROR レベルのログが書き込まれる" time="0.158" asserts="0" success="True" result="Success" executed="True" />
                  <test-case description="DEBUG レベルのログが書き込まれる" name="Write-CommonLog.ログレベルの検証.DEBUG レベルのログが書き込まれる" time="0.0885" asserts="0" success="True" result="Success" executed="True" />
                </results>
              </test-suite>
              <test-suite type="TestFixture" name="Write-CommonLog.ログメッセージのフォーマット" executed="True" result="Success" success="True" time="0.6787" asserts="0" description="Write-CommonLog.ログメッセージのフォーマット">
                <results>
                  <test-case description="ログメッセージにタイムスタンプが含まれる" name="Write-CommonLog.ログメッセージのフォーマット.ログメッセージにタイムスタンプが含まれる" time="0.0613" asserts="0" success="True" result="Success" executed="True" />
                  <test-case description="ログメッセージにログレベルが含まれる" name="Write-CommonLog.ログメッセージのフォーマット.ログメッセージにログレベルが含まれる" time="0.0539" asserts="0" success="True" result="Success" executed="True" />
                  <test-case description="ログメッセージが正しく含まれる" name="Write-CommonLog.ログメッセージのフォーマット.ログメッセージが正しく含まれる" time="0.055" asserts="0" success="True" result="Success" executed="True" />
                </results>
              </test-suite>
              <test-suite type="TestFixture" name="Write-CommonLog.エラーハンドリング" executed="True" result="Success" success="True" time="0.9391" asserts="0" description="Write-CommonLog.エラーハンドリング">
                <results>
                  <test-case description="ログパスが null の場合、エラーが発生" name="Write-CommonLog.エラーハンドリング.ログパスが null の場合、エラーが発生" time="0.0808" asserts="0" success="True" result="Success" executed="True" />
                  <test-case description="メッセージが null の場合、エラーが発生" name="Write-CommonLog.エラーハンドリング.メッセージが null の場合、エラーが発生" time="0.0948" asserts="0" success="True" result="Success" executed="True" />
                  <test-case description="無効なログレベルの場合、エラーが発生" name="Write-CommonLog.エラーハンドリング.無効なログレベルの場合、エラーが発生" time="0.0802" asserts="0" success="True" result="Success" executed="True" />
                </results>
              </test-suite>
              <test-suite type="TestFixture" name="Write-CommonLog.エンコーディング" executed="True" result="Success" success="True" time="1.0428" asserts="0" description="Write-CommonLog.エンコーディング">
                <results>
                  <test-case description="UTF-8 でエンコードされている" name="Write-CommonLog.エンコーディング.UTF-8 でエンコードされている" time="0.0489" asserts="0" success="True" result="Success" executed="True" />
                  <test-case description="マルチバイト文字が正しく書き込まれる" name="Write-CommonLog.エンコーディング.マルチバイト文字が正しく書き込まれる" time="0.0503" asserts="0" success="True" result="Success" executed="True" />
                </results>
              </test-suite>
              <test-suite type="TestFixture" name="Write-CommonLog.パフォーマンス" executed="True" result="Success" success="True" time="11.4852" asserts="0" description="Write-CommonLog.パフォーマンス">
                <results>
                  <test-case description="大量のログメッセージが効率的に書き込まれる" name="Write-CommonLog.パフォーマンス.大量のログメッセージが効率的に書き込まれる" time="10.4371" asserts="0" success="True" result="Success" executed="True" />
                </results>
              </test-suite>
              <test-suite type="TestFixture" name="Write-CommonLog.SensitivePatterns マスキング" executed="True" result="Success" success="True" time="11.6753" asserts="0" description="Write-CommonLog.SensitivePatterns マスキング">
                <results>
                  <test-case description="パスワード文字列がマスクされる" name="Write-CommonLog.SensitivePatterns マスキング.パスワード文字列がマスクされる" time="0.0617" asserts="0" success="True" result="Success" executed="True" />
                  <test-case description="APIトークン風の文字列がマスクされる" name="Write-CommonLog.SensitivePatterns マスキング.APIトークン風の文字列がマスクされる" time="0.0644" asserts="0" success="True" result="Success" executed="True" />
                  <test-case description="複数の機密情報パターンが同時にマスクされる" name="Write-CommonLog.SensitivePatterns マスキング.複数の機密情報パターンが同時にマスクされる" time="0.0589" asserts="0" success="True" result="Success" executed="True" />
                </results>
              </test-suite>
              <test-suite type="TestFixture" name="Write-CommonLog.Quiet パラメータ" executed="True" result="Success" success="True" time="11.9483" asserts="0" description="Write-CommonLog.Quiet パラメータ">
                <results>
                  <test-case description="Quiet=$true の場合、ログファイルに出力されてコンソール出力はない" name="Write-CommonLog.Quiet パラメータ.Quiet=$true の場合、ログファイルに出力されてコンソール出力はない" time="0.0754" asserts="0" success="True" result="Success" executed="True" />
                  <test-case description="Quiet=$false の場合、ログファイルとコンソール両方に出力される" name="Write-CommonLog.Quiet パラメータ.Quiet=$false の場合、ログファイルとコンソール両方に出力される" time="0.1347" asserts="0" success="True" result="Success" executed="True" />
                  <test-case description="デフォルト（Quiet パラメータ省略）の場合、Quiet=false と同じ動作" name="Write-CommonLog.Quiet パラメータ.デフォルト（Quiet パラメータ省略）の場合、Quiet=false と同じ動作" time="0.0577" asserts="0" success="True" result="Success" executed="True" />
                </results>
              </test-suite>
              <test-suite type="TestFixture" name="Write-CommonLog.複数行メッセージ" executed="True" result="Success" success="True" time="12.0684" asserts="0" description="Write-CommonLog.複数行メッセージ">
                <results>
                  <test-case description="Here-String の複数行メッセージがログに記録される" name="Write-CommonLog.複数行メッセージ.Here-String の複数行メッセージがログに記録される" time="0.0567" asserts="0" success="True" result="Success" executed="True" />
                  <test-case description="配列形式の複数のメッセージが適切に処理される" name="Write-CommonLog.複数行メッセージ.配列形式の複数のメッセージが適切に処理される" time="0.057" asserts="0" success="True" result="Success" executed="True" />
                </results>
              </test-suite>
              <test-suite type="TestFixture" name="Write-CommonLog.特殊文字・エスケープ" executed="True" result="Success" success="True" time="12.3612" asserts="0" description="Write-CommonLog.特殊文字・エスケープ">
                <results>
                  <test-case description="ダブルクォートを含むメッセージがログフォーマットを壊さない" name="Write-CommonLog.特殊文字・エスケープ.ダブルクォートを含むメッセージがログフォーマットを壊さない" time="0.0541" asserts="0" success="True" result="Success" executed="True" />
                  <test-case description="シングルクォートを含むメッセージがログフォーマットを壊さない" name="Write-CommonLog.特殊文字・エスケープ.シングルクォートを含むメッセージがログフォーマットを壊さない" time="0.0563" asserts="0" success="True" result="Success" executed="True" />
                  <test-case description="ドルサイン $を含むメッセージがログフォーマットを壊さない" name="Write-CommonLog.特殊文字・エスケープ.ドルサイン $を含むメッセージがログフォーマットを壊さない" time="0.052" asserts="0" success="True" result="Success" executed="True" />
                  <test-case description="バックスラッシュ \ を含むメッセージがログフォーマットを壊さない" name="Write-CommonLog.特殊文字・エスケープ.バックスラッシュ \ を含むメッセージがログフォーマットを壊さない" time="0.0562" asserts="0" success="True" result="Success" executed="True" />
                  <test-case description="タブ文字を含むメッセージがログに記録される" name="Write-CommonLog.特殊文字・エスケープ.タブ文字を含むメッセージがログに記録される" time="0.0573" asserts="0" success="True" result="Success" executed="True" />
                </results>
              </test-suite>
              <test-suite type="TestFixture" name="Write-CommonLog.WhatIf パラメータ" executed="True" result="Success" success="True" time="12.6654" asserts="0" description="Write-CommonLog.WhatIf パラメータ">
                <results>
                  <test-case description="-WhatIf 指定時にもログファイルが作成・更新される（ドライランモードでも監査ログ保存）" name="Write-CommonLog.WhatIf パラメータ.-WhatIf 指定時にもログファイルが作成・更新される（ドライランモードでも監査ログ保存）" time="0.0584" asserts="0" success="True" result="Success" executed="True" />
                  <test-case description="-WhatIf 指定時にも既存ログファイルが更新される（ドライラン実行計画をログに記録）" name="Write-CommonLog.WhatIf パラメータ.-WhatIf 指定時にも既存ログファイルが更新される（ドライラン実行計画をログに記録）" time="0.195" asserts="0" success="True" result="Success" executed="True" />
                  <test-case description="-WhatIf 指定時でもメッセージは記録される" name="Write-CommonLog.WhatIf パラメータ.-WhatIf 指定時でもメッセージは記録される" time="0.0464" asserts="0" success="True" result="Success" executed="True" />
                </results>
              </test-suite>
            </results>
          </test-suite>
        </results>
      </test-suite>
      <test-suite type="TestFixture" name="C:\Users\徳永光浩\GitHub\PowerShell\Tests\Integration\ReleaseProcess.Tests.ps1" executed="True" result="Ignored" success="True" time="4.2457" asserts="0" description="C:\Users\徳永光浩\GitHub\PowerShell\Tests\Integration\ReleaseProcess.Tests.ps1">
        <results>
          <test-suite type="TestFixture" name="リリースバッチ統合テスト" executed="True" result="Ignored" success="True" time="3.3282" asserts="0" description="リリースバッチ統合テスト">
            <results>
              <test-suite type="TestFixture" name="リリースバッチ統合テスト.基本的なファイルコピー" executed="True" result="Success" success="True" time="0.1874" asserts="0" description="リリースバッチ統合テスト.基本的なファイルコピー">
                <results>
                  <test-case description="ファイルが正しくコピーされる" name="リリースバッチ統合テスト.基本的なファイルコピー.ファイルが正しくコピーされる" time="0.0485" asserts="0" success="True" result="Success" executed="True" />
                  <test-case description="複数ファイルが一括コピーできる" name="リリースバッチ統合テスト.基本的なファイルコピー.複数ファイルが一括コピーできる" time="0.0811" asserts="0" success="True" result="Success" executed="True" />
                  <test-case description="ディレクトリ構造が保持されてコピーされる" name="リリースバッチ統合テスト.基本的なファイルコピー.ディレクトリ構造が保持されてコピーされる" time="0.0537" asserts="0" success="True" result="Success" executed="True" />
                </results>
              </test-suite>
              <test-suite type="TestFixture" name="リリースバッチ統合テスト.ファイル上書き処理" executed="True" result="Success" success="True" time="0.2393" asserts="0" description="リリースバッチ統合テスト.ファイル上書き処理">
                <results>
                  <test-case description="既存ファイルがリネームされて上書きできる" name="リリースバッチ統合テスト.ファイル上書き処理.既存ファイルがリネームされて上書きできる" time="0.0476" asserts="0" success="True" result="Success" executed="True" />
                </results>
              </test-suite>
              <test-suite type="TestFixture" name="リリースバッチ統合テスト.ログ出力" executed="True" result="Success" success="True" time="0.3239" asserts="0" description="リリースバッチ統合テスト.ログ出力">
                <results>
                  <test-case description="ログファイルが作成される" name="リリースバッチ統合テスト.ログ出力.ログファイルが作成される" time="0.0382" asserts="0" success="True" result="Success" executed="True" />
                  <test-case description="ログにタイムスタンプが記録される" name="リリースバッチ統合テスト.ログ出力.ログにタイムスタンプが記録される" time="0.0414" asserts="0" success="True" result="Success" executed="True" />
                </results>
              </test-suite>
              <test-suite type="TestFixture" name="リリースバッチ統合テスト.権限とアクセス" executed="True" result="Success" success="True" time="0.4045" asserts="0" description="リリースバッチ統合テスト.権限とアクセス">
                <results>
                  <test-case description="ファイルが読み取り可能である" name="リリースバッチ統合テスト.権限とアクセス.ファイルが読み取り可能である" time="0.0374" asserts="0" success="True" result="Success" executed="True" />
                  <test-case description="ファイルが書き込み可能である" name="リリースバッチ統合テスト.権限とアクセス.ファイルが書き込み可能である" time="0.039" asserts="0" success="True" result="Success" executed="True" />
                </results>
              </test-suite>
              <test-suite type="TestFixture" name="リリースバッチ統合テスト.エラーハンドリング" executed="True" result="Success" success="True" time="0.5251" asserts="0" description="リリースバッチ統合テスト.エラーハンドリング">
                <results>
                  <test-case description="存在しないコピー元ファイルの場合、エラーが発生" name="リリースバッチ統合テスト.エラーハンドリング.存在しないコピー元ファイルの場合、エラーが発生" time="0.0724" asserts="0" success="True" result="Success" executed="True" />
                  <test-case description="コピー先のディレクトリが存在しない場合、自動作成できる" name="リリースバッチ統合テスト.エラーハンドリング.コピー先のディレクトリが存在しない場合、自動作成できる" time="0.044" asserts="0" success="True" result="Success" executed="True" />
                </results>
              </test-suite>
              <test-suite type="TestFixture" name="リリースバッチ統合テスト.ファイル属性の保持" executed="True" result="Success" success="True" time="0.5857" asserts="0" description="リリースバッチ統合テスト.ファイル属性の保持">
                <results>
                  <test-case description="ReadOnly 属性がコピー先に反映される（または仕様どおり）" name="リリースバッチ統合テスト.ファイル属性の保持.ReadOnly 属性がコピー先に反映される（または仕様どおり）" time="0.0565" asserts="0" success="True" result="Success" executed="True" />
                </results>
              </test-suite>
              <test-suite type="TestFixture" name="リリースバッチ統合テスト.部分的失敗時の挙動" executed="True" result="Success" success="True" time="1.263" asserts="0" description="リリースバッチ統合テスト.部分的失敗時の挙動">
                <results>
                  <test-case description="一部失敗でも他のファイルがコピーされ、失敗がログに残る" name="リリースバッチ統合テスト.部分的失敗時の挙動.一部失敗でも他のファイルがコピーされ、失敗がログに残る" time="0.6735" asserts="0" success="True" result="Success" executed="True" />
                </results>
              </test-suite>
              <test-suite type="TestFixture" name="リリースバッチ統合テスト.ファイルロック" executed="True" result="Success" success="True" time="1.3434" asserts="0" description="リリースバッチ統合テスト.ファイルロック">
                <results>
                  <test-case description="ロックされたコピー元はエラーになる" name="リリースバッチ統合テスト.ファイルロック.ロックされたコピー元はエラーになる" time="0.0748" asserts="0" success="True" result="Success" executed="True" />
                </results>
              </test-suite>
              <test-suite type="TestFixture" name="リリースバッチ統合テスト.データ完全性 (ハッシュ)" executed="True" result="Success" success="True" time="1.4062" asserts="0" description="リリースバッチ統合テスト.データ完全性 (ハッシュ)">
                <results>
                  <test-case description="バイナリファイルのハッシュが一致する" name="リリースバッチ統合テスト.データ完全性 (ハッシュ).バイナリファイルのハッシュが一致する" time="0.0581" asserts="0" success="True" result="Success" executed="True" />
                </results>
              </test-suite>
              <test-suite type="TestFixture" name="リリースバッチ統合テスト.タイムスタンプとサイズ" executed="True" result="Success" success="True" time="1.4993" asserts="0" description="リリースバッチ統合テスト.タイムスタンプとサイズ">
                <results>
                  <test-case description="サイズと更新時刻が仕様どおり" name="リリースバッチ統合テスト.タイムスタンプとサイズ.サイズと更新時刻が仕様どおり" time="0.0867" asserts="0" success="True" result="Success" executed="True" />
                </results>
              </test-suite>
              <test-suite type="TestFixture" name="リリースバッチ統合テスト.ロールバック" executed="True" result="Ignored" success="True" time="1.5064" asserts="0" description="リリースバッチ統合テスト.ロールバック">
                <results>
                  <test-case description="バックアップから復元できる（未実装のため保留）" name="リリースバッチ統合テスト.ロールバック.バックアップから復元できる（未実装のため保留）" time="0.0022" asserts="0" success="False" result="Ignored" executed="False" />
                </results>
              </test-suite>
              <test-suite type="TestFixture" name="リリースバッチ統合テスト.パフォーマンス" executed="True" result="Success" success="True" time="2.8695" asserts="0" description="リリースバッチ統合テスト.パフォーマンス">
                <results>
                  <test-case description="大量ファイルのコピーが効率的に実行される" name="リリースバッチ統合テスト.パフォーマンス.大量ファイルのコピーが効率的に実行される" time="1.3567" asserts="0" success="True" result="Success" executed="True" />
                </results>
              </test-suite>
            </results>
          </test-suite>
        </results>
      </test-suite>
    </results>
  </test-suite>
</test-results>